# JRE version: OpenJDK Runtime Environment Microsoft-8035246 (17.0.8+7) (build 17.0.8+7-LTS)
# Java VM: OpenJDK 64-Bit Server VM Microsoft-8035246 (17.0.8+7-LTS, mixed mode, sharing, tiered, compressed oops, compressed class ptrs, g1 gc, windows-amd64)
GC Precious Log:
 CPUs: 8 total, 8 available
 Memory: 12037M
 Large Page Support: Disabled
 NUMA Support: Disabled
 Compressed Oops: Enabled (32-bit)
 Heap Region Size: 1M
 Heap Min Capacity: 8M
 Heap Initial Capacity: 190M
 Heap Max Capacity: 2G
 Pre-touch: Disabled
 Parallel Workers: 8
 Concurrent Workers: 2
 Concurrent Refinement Workers: 8
 Periodic GC: Disabled
Heap:
 garbage-first heap   total 386048K, used 286252K [0x0000000080000000, 0x0000000100000000)
  region size 1024K, 36 young (36864K), 8 survivors (8192K)
 Metaspace       used 103967K, committed 105472K, reserved 557056K
  class space    used 14344K, committed 15040K, reserved 425984K
GC Heap History (20 events):
Event: 37.957 GC heap before
{Heap before GC invocations=39 (full 0):
 garbage-first heap   total 277504K, used 227328K [0x0000000080000000, 0x0000000100000000)
  region size 1024K, 38 young (38912K), 7 survivors (7168K)
 Metaspace       used 93119K, committed 94400K, reserved 557056K
  class space    used 12955K, committed 13568K, reserved 425984K
}
Event: 37.966 GC heap after
{Heap after GC invocations=40 (full 0):
 garbage-first heap   total 277504K, used 201265K [0x0000000080000000, 0x0000000100000000)
  region size 1024K, 5 young (5120K), 5 survivors (5120K)
 Metaspace       used 93119K, committed 94400K, reserved 557056K
  class space    used 12955K, committed 13568K, reserved 425984K
}
Event: 38.339 GC heap before
{Heap before GC invocations=40 (full 0):
 garbage-first heap   total 277504K, used 229937K [0x0000000080000000, 0x0000000100000000)
  region size 1024K, 33 young (33792K), 5 survivors (5120K)
 Metaspace       used 95218K, committed 96448K, reserved 557056K
  class space    used 13245K, committed 13824K, reserved 425984K
}
Event: 38.348 GC heap after
{Heap after GC invocations=41 (full 0):
 garbage-first heap   total 277504K, used 205135K [0x0000000080000000, 0x0000000100000000)
  region size 1024K, 4 young (4096K), 4 survivors (4096K)
 Metaspace       used 95218K, committed 96448K, reserved 557056K
  class space    used 13245K, committed 13824K, reserved 425984K
}
Event: 38.814 GC heap before
{Heap before GC invocations=41 (full 0):
 garbage-first heap   total 277504K, used 230735K [0x0000000080000000, 0x0000000100000000)
  region size 1024K, 30 young (30720K), 4 survivors (4096K)
 Metaspace       used 98102K, committed 99392K, reserved 557056K
  class space    used 13646K, committed 14208K, reserved 425984K
}
Event: 38.823 GC heap after
{Heap after GC invocations=42 (full 0):
 garbage-first heap   total 277504K, used 209666K [0x0000000080000000, 0x0000000100000000)
  region size 1024K, 4 young (4096K), 4 survivors (4096K)
 Metaspace       used 98102K, committed 99392K, reserved 557056K
  class space    used 13646K, committed 14208K, reserved 425984K
}
Event: 39.349 GC heap before
{Heap before GC invocations=42 (full 0):
 garbage-first heap   total 277504K, used 234242K [0x0000000080000000, 0x0000000100000000)
  region size 1024K, 28 young (28672K), 4 survivors (4096K)
 Metaspace       used 98826K, committed 100160K, reserved 557056K
  class space    used 13745K, committed 14336K, reserved 425984K
}
Event: 39.357 GC heap after
{Heap after GC invocations=43 (full 0):
 garbage-first heap   total 277504K, used 213182K [0x0000000080000000, 0x0000000100000000)
  region size 1024K, 4 young (4096K), 4 survivors (4096K)
 Metaspace       used 98826K, committed 100160K, reserved 557056K
  class space    used 13745K, committed 14336K, reserved 425984K
}
Event: 39.697 GC heap before
{Heap before GC invocations=43 (full 0):
 garbage-first heap   total 277504K, used 235710K [0x0000000080000000, 0x0000000100000000)
  region size 1024K, 26 young (26624K), 4 survivors (4096K)
 Metaspace       used 99394K, committed 100736K, reserved 557056K
  class space    used 13799K, committed 14400K, reserved 425984K
}
Event: 39.705 GC heap after
{Heap after GC invocations=44 (full 0):
 garbage-first heap   total 277504K, used 218694K [0x0000000080000000, 0x0000000100000000)
  region size 1024K, 4 young (4096K), 4 survivors (4096K)
 Metaspace       used 99394K, committed 100736K, reserved 557056K
  class space    used 13799K, committed 14400K, reserved 425984K
}
Event: 39.923 GC heap before
{Heap before GC invocations=44 (full 0):
 garbage-first heap   total 277504K, used 237126K [0x0000000080000000, 0x0000000100000000)
  region size 1024K, 22 young (22528K), 4 survivors (4096K)
 Metaspace       used 99582K, committed 100928K, reserved 557056K
  class space    used 13814K, committed 14400K, reserved 425984K
}
Event: 39.930 GC heap after
{Heap after GC invocations=45 (full 0):
 garbage-first heap   total 386048K, used 222747K [0x0000000080000000, 0x0000000100000000)
  region size 1024K, 3 young (3072K), 3 survivors (3072K)
 Metaspace       used 99582K, committed 100928K, reserved 557056K
  class space    used 13814K, committed 14400K, reserved 425984K
}
Event: 40.731 GC heap before
{Heap before GC invocations=45 (full 0):
 garbage-first heap   total 386048K, used 301595K [0x0000000080000000, 0x0000000100000000)
  region size 1024K, 80 young (81920K), 3 survivors (3072K)
 Metaspace       used 100286K, committed 101632K, reserved 557056K
  class space    used 13888K, committed 14464K, reserved 425984K
}
Event: 40.747 GC heap after
{Heap after GC invocations=46 (full 0):
 garbage-first heap   total 386048K, used 237908K [0x0000000080000000, 0x0000000100000000)
  region size 1024K, 10 young (10240K), 10 survivors (10240K)
 Metaspace       used 100286K, committed 101632K, reserved 557056K
  class space    used 13888K, committed 14464K, reserved 425984K
}
Event: 41.742 GC heap before
{Heap before GC invocations=46 (full 0):
 garbage-first heap   total 386048K, used 306516K [0x0000000080000000, 0x0000000100000000)
  region size 1024K, 78 young (79872K), 10 survivors (10240K)
 Metaspace       used 103117K, committed 104640K, reserved 557056K
  class space    used 14270K, committed 14976K, reserved 425984K
}
Event: 41.759 GC heap after
{Heap after GC invocations=47 (full 0):
 garbage-first heap   total 386048K, used 248816K [0x0000000080000000, 0x0000000100000000)
  region size 1024K, 10 young (10240K), 10 survivors (10240K)
 Metaspace       used 103117K, committed 104640K, reserved 557056K
  class space    used 14270K, committed 14976K, reserved 425984K
}
Event: 42.999 GC heap before
{Heap before GC invocations=47 (full 0):
 garbage-first heap   total 386048K, used 312304K [0x0000000080000000, 0x0000000100000000)
  region size 1024K, 73 young (74752K), 10 survivors (10240K)
 Metaspace       used 103669K, committed 105152K, reserved 557056K
  class space    used 14313K, committed 15040K, reserved 425984K
}
Event: 43.013 GC heap after
{Heap after GC invocations=48 (full 0):
 garbage-first heap   total 386048K, used 254655K [0x0000000080000000, 0x0000000100000000)
  region size 1024K, 7 young (7168K), 7 survivors (7168K)
 Metaspace       used 103669K, committed 105152K, reserved 557056K
  class space    used 14313K, committed 15040K, reserved 425984K
}
Event: 43.747 GC heap before
{Heap before GC invocations=48 (full 0):
 garbage-first heap   total 386048K, used 317119K [0x0000000080000000, 0x0000000100000000)
  region size 1024K, 69 young (70656K), 7 survivors (7168K)
 Metaspace       used 103940K, committed 105472K, reserved 557056K
  class space    used 14344K, committed 15040K, reserved 425984K
}
Event: 43.757 GC heap after
{Heap after GC invocations=49 (full 0):
 garbage-first heap   total 386048K, used 259628K [0x0000000080000000, 0x0000000100000000)
  region size 1024K, 8 young (8192K), 8 survivors (8192K)
 Metaspace       used 103940K, committed 105472K, reserved 557056K
  class space    used 14344K, committed 15040K, reserved 425984K
}

