# JRE version: OpenJDK Runtime Environment Microsoft-8035246 (17.0.8+7) (build 17.0.8+7-LTS)
# Java VM: OpenJDK 64-Bit Server VM Microsoft-8035246 (17.0.8+7-LTS, mixed mode, sharing, tiered, compressed oops, compressed class ptrs, g1 gc, windows-amd64)
GC Precious Log:
 CPUs: 4 total, 4 available
 Memory: 12199M
 Large Page Support: Disabled
 NUMA Support: Disabled
 Compressed Oops: Enabled (32-bit)
 Heap Region Size: 1M
 Heap Min Capacity: 8M
 Heap Initial Capacity: 192M
 Heap Max Capacity: 2G
 Pre-touch: Disabled
 Parallel Workers: 4
 Concurrent Workers: 1
 Concurrent Refinement Workers: 4
 Periodic GC: Disabled
Heap:
 garbage-first heap   total 331776K, used 254327K [0x0000000080000000, 0x0000000100000000)
  region size 1024K, 11 young (11264K), 5 survivors (5120K)
 Metaspace       used 109557K, committed 111104K, reserved 557056K
  class space    used 15006K, committed 15744K, reserved 425984K
GC Heap History (20 events):
Event: 135.125 GC heap before
{Heap before GC invocations=45 (full 0):
 garbage-first heap   total 276480K, used 229210K [0x0000000080000000, 0x0000000100000000)
  region size 1024K, 36 young (36864K), 5 survivors (5120K)
 Metaspace       used 103278K, committed 104576K, reserved 557056K
  class space    used 14265K, committed 14848K, reserved 425984K
}
Event: 135.146 GC heap after
{Heap after GC invocations=46 (full 0):
 garbage-first heap   total 276480K, used 200695K [0x0000000080000000, 0x0000000100000000)
  region size 1024K, 3 young (3072K), 3 survivors (3072K)
 Metaspace       used 103278K, committed 104576K, reserved 557056K
  class space    used 14265K, committed 14848K, reserved 425984K
}
Event: 136.387 GC heap before
{Heap before GC invocations=46 (full 0):
 garbage-first heap   total 276480K, used 231415K [0x0000000080000000, 0x0000000100000000)
  region size 1024K, 33 young (33792K), 3 survivors (3072K)
 Metaspace       used 104087K, committed 105472K, reserved 557056K
  class space    used 14369K, committed 14976K, reserved 425984K
}
Event: 136.431 GC heap after
{Heap after GC invocations=47 (full 0):
 garbage-first heap   total 276480K, used 206084K [0x0000000080000000, 0x0000000100000000)
  region size 1024K, 5 young (5120K), 5 survivors (5120K)
 Metaspace       used 104087K, committed 105472K, reserved 557056K
  class space    used 14369K, committed 14976K, reserved 425984K
}
Event: 137.562 GC heap before
{Heap before GC invocations=47 (full 0):
 garbage-first heap   total 276480K, used 233732K [0x0000000080000000, 0x0000000100000000)
  region size 1024K, 32 young (32768K), 5 survivors (5120K)
 Metaspace       used 104976K, committed 106304K, reserved 557056K
  class space    used 14461K, committed 15040K, reserved 425984K
}
Event: 137.589 GC heap after
{Heap after GC invocations=48 (full 0):
 garbage-first heap   total 276480K, used 212776K [0x0000000080000000, 0x0000000100000000)
  region size 1024K, 4 young (4096K), 4 survivors (4096K)
 Metaspace       used 104976K, committed 106304K, reserved 557056K
  class space    used 14461K, committed 15040K, reserved 425984K
}
Event: 138.464 GC heap before
{Heap before GC invocations=48 (full 0):
 garbage-first heap   total 276480K, used 235304K [0x0000000080000000, 0x0000000100000000)
  region size 1024K, 26 young (26624K), 4 survivors (4096K)
 Metaspace       used 105201K, committed 106560K, reserved 557056K
  class space    used 14479K, committed 15104K, reserved 425984K
}
Event: 138.485 GC heap after
{Heap after GC invocations=49 (full 0):
 garbage-first heap   total 276480K, used 217716K [0x0000000080000000, 0x0000000100000000)
  region size 1024K, 4 young (4096K), 4 survivors (4096K)
 Metaspace       used 105201K, committed 106560K, reserved 557056K
  class space    used 14479K, committed 15104K, reserved 425984K
}
Event: 139.005 GC heap before
{Heap before GC invocations=49 (full 0):
 garbage-first heap   total 276480K, used 237172K [0x0000000080000000, 0x0000000100000000)
  region size 1024K, 23 young (23552K), 4 survivors (4096K)
 Metaspace       used 105257K, committed 106624K, reserved 557056K
  class space    used 14480K, committed 15104K, reserved 425984K
}
Event: 139.022 GC heap after
{Heap after GC invocations=50 (full 0):
 garbage-first heap   total 331776K, used 221655K [0x0000000080000000, 0x0000000100000000)
  region size 1024K, 3 young (3072K), 3 survivors (3072K)
 Metaspace       used 105257K, committed 106624K, reserved 557056K
  class space    used 14480K, committed 15104K, reserved 425984K
}
Event: 140.483 GC heap before
{Heap before GC invocations=50 (full 0):
 garbage-first heap   total 331776K, used 270807K [0x0000000080000000, 0x0000000100000000)
  region size 1024K, 51 young (52224K), 3 survivors (3072K)
 Metaspace       used 105838K, committed 107264K, reserved 557056K
  class space    used 14551K, committed 15168K, reserved 425984K
}
Event: 140.513 GC heap after
{Heap after GC invocations=51 (full 0):
 garbage-first heap   total 331776K, used 231302K [0x0000000080000000, 0x0000000100000000)
  region size 1024K, 7 young (7168K), 7 survivors (7168K)
 Metaspace       used 105838K, committed 107264K, reserved 557056K
  class space    used 14551K, committed 15168K, reserved 425984K
}
Event: 141.913 GC heap before
{Heap before GC invocations=51 (full 0):
 garbage-first heap   total 331776K, used 274310K [0x0000000080000000, 0x0000000100000000)
  region size 1024K, 49 young (50176K), 7 survivors (7168K)
 Metaspace       used 108035K, committed 109504K, reserved 557056K
  class space    used 14836K, committed 15488K, reserved 425984K
}
Event: 141.957 GC heap after
{Heap after GC invocations=52 (full 0):
 garbage-first heap   total 331776K, used 238684K [0x0000000080000000, 0x0000000100000000)
  region size 1024K, 7 young (7168K), 7 survivors (7168K)
 Metaspace       used 108035K, committed 109504K, reserved 557056K
  class space    used 14836K, committed 15488K, reserved 425984K
}
Event: 143.312 GC heap before
{Heap before GC invocations=52 (full 0):
 garbage-first heap   total 331776K, used 276572K [0x0000000080000000, 0x0000000100000000)
  region size 1024K, 45 young (46080K), 7 survivors (7168K)
 Metaspace       used 108767K, committed 110208K, reserved 557056K
  class space    used 14929K, committed 15616K, reserved 425984K
}
Event: 143.342 GC heap after
{Heap after GC invocations=53 (full 0):
 garbage-first heap   total 331776K, used 243347K [0x0000000080000000, 0x0000000100000000)
  region size 1024K, 5 young (5120K), 5 survivors (5120K)
 Metaspace       used 108767K, committed 110208K, reserved 557056K
  class space    used 14929K, committed 15616K, reserved 425984K
}
Event: 144.396 GC heap before
{Heap before GC invocations=53 (full 0):
 garbage-first heap   total 331776K, used 279187K [0x0000000080000000, 0x0000000100000000)
  region size 1024K, 41 young (41984K), 5 survivors (5120K)
 Metaspace       used 109030K, committed 110528K, reserved 557056K
  class space    used 14931K, committed 15616K, reserved 425984K
}
Event: 144.417 GC heap after
{Heap after GC invocations=54 (full 0):
 garbage-first heap   total 331776K, used 246854K [0x0000000080000000, 0x0000000100000000)
  region size 1024K, 4 young (4096K), 4 survivors (4096K)
 Metaspace       used 109030K, committed 110528K, reserved 557056K
  class space    used 14931K, committed 15616K, reserved 425984K
}
Event: 146.497 GC heap before
{Heap before GC invocations=54 (full 0):
 garbage-first heap   total 331776K, used 281670K [0x0000000080000000, 0x0000000100000000)
  region size 1024K, 39 young (39936K), 4 survivors (4096K)
 Metaspace       used 109535K, committed 111104K, reserved 557056K
  class space    used 15006K, committed 15744K, reserved 425984K
}
Event: 146.511 GC heap after
{Heap after GC invocations=55 (full 0):
 garbage-first heap   total 331776K, used 250231K [0x0000000080000000, 0x0000000100000000)
  region size 1024K, 5 young (5120K), 5 survivors (5120K)
 Metaspace       used 109535K, committed 111104K, reserved 557056K
  class space    used 15006K, committed 15744K, reserved 425984K
}

